<?xml version="1.0" encoding="UTF-8"?>
<!-- Generated by org.testng.reporters.JUnitReportReporter -->
<testsuite hostname="Mohasin" failures="0" tests="1" name="cucumberOptions.TestNGRunner" time="8.695" errors="0" timestamp="2024-05-12T23:18:59 IST" skipped="0">
  <testcase classname="cucumberOptions.TestNGRunner" name="runScenario" time="8.695"/>
  <system-out/>
</testsuite> <!-- cucumberOptions.TestNGRunner -->
