<?xml version="1.0" encoding="UTF-8"?>
<!-- Generated by org.testng.reporters.JUnitReportReporter -->
<testsuite hostname="Mohasin" failures="0" tests="1" name="cucumberOptions.TestNGRunner" time="7.554" errors="0" timestamp="2024-05-13T12:27:40 IST" skipped="0">
  <testcase classname="cucumberOptions.TestNGRunner" name="runScenario" time="7.554"/>
  <system-out/>
</testsuite> <!-- cucumberOptions.TestNGRunner -->
